<?xml version="1.0" encoding="UTF-8"?><testsuite errors="2" failures="0" name="Open browser" skipped="0" tests="2" time="3.19" timestamp="2021-07-09 09:01:52"><testcase name="Open Firefox"><error message="com.google.common.collect.ImmutableSortedSet.toImmutableSortedSet(Ljava/util/Comparator;)Ljava/util/stream/Collector;" type="java.lang.NoSuchMethodError">com.google.common.collect.ImmutableSortedSet.toImmutableSortedSet(Ljava/util/Comparator;)Ljava/util/stream/Collector;</error><system-err>com.google.common.collect.ImmutableSortedSet.toImmutableSortedSet(Ljava/util/Comparator;)Ljava/util/stream/Collector;&#13;
com.google.automation.stepdefinitions.OpenBrowserStepDefinitions.that_a_web_user_wants_to_register_in_advantage_shopping_online_on_firefox(OpenBrowserStepDefinitions.java:48)&#13;
✽.that a web user wants to register in advantage shopping online on firefox(src/test/resources/features/openBroserF.feature:8)&#13;
</system-err></testcase><testcase name="Open chrome"><error message="com.google.common.collect.ImmutableList.toImmutableList()Ljava/util/stream/Collector;" type="java.lang.NoSuchMethodError">com.google.common.collect.ImmutableList.toImmutableList()Ljava/util/stream/Collector;</error><system-err>com.google.common.collect.ImmutableList.toImmutableList()Ljava/util/stream/Collector;&#13;
com.google.automation.stepdefinitions.OpenBrowserStepDefinitions.that_a_web_user_wants_to_register_in_advantage_shopping_online_on_chrome(OpenBrowserStepDefinitions.java:24)&#13;
✽.that a web user wants to register in advantage shopping online on chrome(src/test/resources/features/openBrowser.feature:8)&#13;
</system-err></testcase></testsuite>