<?xml version="1.0" encoding="UTF-8"?>
<testsuite name="Open browser" tests="1" skipped="0" failures="1" errors="0" timestamp="2021-07-10T02:04:09" hostname="JHANKI" time="1.601">
  <properties/>
  <testcase name="Open chrome" classname="Open browser" time="1.601">
    <failure message="java.lang.NoSuchMethodError: com.google.common.collect.ImmutableList.toImmutableList()Ljava/util/stream/Collector;" type="java.lang.NoSuchMethodError">java.lang.NoSuchMethodError: com.google.common.collect.ImmutableList.toImmutableList()Ljava/util/stream/Collector;
	at org.openqa.selenium.chrome.ChromeOptions.asMap(ChromeOptions.java:292)
	at org.openqa.selenium.remote.NewSessionPayload.create(NewSessionPayload.java:94)
	at org.openqa.selenium.remote.ProtocolHandshake.createSession(ProtocolHandshake.java:68)
	at org.openqa.selenium.remote.HttpCommandExecutor.execute(HttpCommandExecutor.java:136)
	at org.openqa.selenium.remote.service.DriverCommandExecutor.execute(DriverCommandExecutor.java:83)
	at org.openqa.selenium.remote.RemoteWebDriver.execute(RemoteWebDriver.java:552)
	at org.openqa.selenium.remote.RemoteWebDriver.startSession(RemoteWebDriver.java:213)
	at org.openqa.selenium.remote.RemoteWebDriver.&lt;init&gt;(RemoteWebDriver.java:131)
	at org.openqa.selenium.chrome.ChromeDriver.&lt;init&gt;(ChromeDriver.java:181)
	at org.openqa.selenium.chrome.ChromeDriver.&lt;init&gt;(ChromeDriver.java:168)
	at org.openqa.selenium.chrome.ChromeDriver.&lt;init&gt;(ChromeDriver.java:123)
	at com.google.automation.stepdefinitions.OpenBrowserStepDefinitions.that_a_web_user_wants_to_register_in_advantage_shopping_online_on_chrome(OpenBrowserStepDefinitions.java:24)
	at ✽.that a web user wants to register in advantage shopping online on chrome(src/test/resources/features/openBrowser.feature:9)
</failure>
  </testcase>
  <system-out><![CDATA[]]></system-out>
  <system-err><![CDATA[Starting ChromeDriver 90.0.4430.24 (4c6d850f087da467d926e8eddb76550aed655991-refs/branch-heads/4430@{#429}) on port 4268
Only local connections are allowed.
Please see https://chromedriver.chromium.org/security-considerations for suggestions on keeping ChromeDriver safe.
ChromeDriver was started successfully.
]]></system-err>
</testsuite>
