<?xml version="1.0" encoding="UTF-8"?><testsuite errors="0" failures="1" name="Practice Form" skipped="0" tests="1" time="50.12" timestamp="2021-07-09 11:01:51"><testcase name="Form successful with confiproperties"><failure message="&#10;Expected: equalToIgnoringCase(&quot;Practice Form&quot;)&#10;     but: was Carrera 51 d # 60-71&#13;&#10;&#10;Expected: equalToIgnoringCase(&quot;Practice Form&quot;)&#10;     but: was planet@gmail.com&#13;&#10;&#10;Expected: equalToIgnoringCase(&quot;Practice Form&quot;)&#10;     but: was 1234576891" type="java.lang.AssertionError">
Expected: equalToIgnoringCase("Practice Form")
     but: was Carrera 51 d # 60-71&#13;

Expected: equalToIgnoringCase("Practice Form")
     but: was planet@gmail.com&#13;

Expected: equalToIgnoringCase("Practice Form")
     but: was 1234576891</failure><system-err>
Expected: equalToIgnoringCase("Practice Form")
     but: was Carrera 51 d # 60-71&#13;

Expected: equalToIgnoringCase("Practice Form")
     but: was planet@gmail.com&#13;

Expected: equalToIgnoringCase("Practice Form")
     but: was 1234576891&#13;
com.toolsqa.automation.tasks.confPropertiesValidations.performAs(confPropertiesValidations.java:18)&#13;
com.toolsqa.tests.stepdefinitions.PracticeFormStepDefinition.heShouldSeeTheConfirmationWindowWithConfiProperties(PracticeFormStepDefinition.java:82)&#13;
cucumber.runner.Runner.runPickle(Runner.java:80)&#13;
</system-err></testcase></testsuite>